--------------------------------------------------------------------------------
                                                  mHM-UFZ v-5.12.1-dev0+98c8466e
                                                    L. Samaniego & R. Kumar, UFZ
--------------------------------------------------------------------------------

         M A I N  mHM  C O N F I G U R A T I O N  I N F O R M A T I O N         

Number of domain                       1
Time Step [h]                         24
            Domain                     1
No. of cells L0                  1465127
            Domain                     1
No. of cells L1                  1465127
Domain  1   Hydrology Resolution [o]           1.00000000E-01
Flag READ  restart                     T
Flag WRITE restart                     F

-------------------------------------------------------------
                      Model Run Periods for Domain         1
-------------------------------------------------------------
                                       From                To
                            Day Month  Year   Day Month  Year
Warming Period (1)            1     4  2005    31     3  2005
Evaluation Period (2)         1     4  2005     5     4  2005
Simulation Period (1)+(2)     1     4  2005     5     4  2005

--------------------------------------------------
       Land Cover Observations for Domai         1
--------------------------------------------------
 Start Yea  End Year    Land cover scene     Land Cover File

      1900      2099                   1              lc.asc

-------------------------------------------------------
  Initial Transfer Function Parameter Ranges (gammas)  
-------------------------------------------------------
         i            min            max        current                               name
         1          0.150          0.400          0.150           canopyInterceptionFactor
         2         -2.000          2.000          1.000           snowTreshholdTemperature
         3          0.000          4.000          1.500             degreeDayFactor_forest
         4          0.000          1.000          0.500         degreeDayFactor_impervious
         5          0.000          2.000          0.500           degreeDayFactor_pervious
         6          0.100          0.900          0.500    increaseDegreeDayFactorByPrecip
         7          0.000          8.000          3.000          maxDegreeDayFactor_forest
         8          0.000          8.000          3.500      maxDegreeDayFactor_impervious
         9          0.000          8.000          4.000        maxDegreeDayFactor_pervious
        10          0.000         20.000          3.400            orgMatterContent_forest
        11          0.000          1.000          0.100        orgMatterContent_impervious
        12          0.000          4.000          0.600          orgMatterContent_pervious
        13          0.646          0.951          0.760             PTF_lower66_5_constant
        14          0.000          0.003          0.001                 PTF_lower66_5_clay
        15         -0.373         -0.187         -0.264                   PTF_lower66_5_Db
        16          0.536          1.123          0.890            PTF_higher66_5_constant
        17         -0.005          0.005         -0.001                PTF_higher66_5_clay
        18         -0.551         -0.091         -0.324                  PTF_higher66_5_Db
        19         -1.200         -0.285         -0.585                    PTF_Ks_constant
        20          0.006          0.026          0.013                        PTF_Ks_sand
        21          0.003          0.013          0.006                        PTF_Ks_clay
        22         60.960         60.960         60.960                  PTF_Ks_curveSlope
        23          0.900          0.999          0.970     rootFractionCoefficient_forest
        24          0.900          0.950          0.930 rootFractionCoefficient_impervious
        25          0.001          0.090          0.020   rootFractionCoefficient_pervious
        26          1.000          4.000          1.750            infiltrationShapeFactor
        27          0.000          5.000          0.500          imperviousStorageCapacity
        28          0.700          1.300          0.900             minCorrectionFactorPET
        29          0.000          0.200          0.100             maxCorrectionFactorPET
        30        160.000        200.000        180.000                  aspectTresholdPET
        31         75.000        200.000         85.000     interflowStorageCapacityFactor
        32          0.000         10.000          7.000           interflowRecession_slope
        33          1.000          3.000          1.500      fastInterflowRecession_forest
        34          1.000         30.000         15.000          slowInterflowRecession_Ks
        35          0.050          0.300          0.125              exponentSlowInterflow
        36          0.000         50.000         35.000                rechargeCoefficient
        37         -5.000          5.000         -1.000             rechargeFactor_karstic
        38          1.000          1.000          1.000      gain_loss_GWreservoir_karstic
        39          1.000       1000.000        100.000                      GeoParam(1,:)

--------------------------------------------------------------------------------
                          Domain-wise Configuratio
--------------------------------------------------------------------------------

--------------------------------------------------------------------------------
                                 Directory list
--------------------------------------------------------------------------------
Directory to morphological input             test_domain/input/morph_test/                                                                                                                                                                                                                                   
Directory to land cover input                test_domain/input/luse/                                                                                                                                                                                                                                         
Directory to precipitation input             input/meteo/                                                                                                                                                                                                                                                    
Directory to temperature input               input/meteo/                                                                                                                                                                                                                                                    
Directory to reference ET input              input/meteo/                                                                                                                                                                                                                                                    
Directory to write output by default         output/                                                                                                                                                                                                                                                         
File to write mHM output when restarted      output/mHM_restart_001.nc                                                                                                                                                                                                                                       

